# JRE version: OpenJDK Runtime Environment Temurin-21.0.9+10 (21.0.9+10) (build 21.0.9+10-LTS)
# Java VM: OpenJDK 64-Bit Server VM Temurin-21.0.9+10 (21.0.9+10-LTS, mixed mode, sharing, tiered, compressed oops, compressed class ptrs, g1 gc, windows-amd64)
GC Precious Log:
 CardTable entry size: 512
 Card Set container configuration: InlinePtr #cards 3 size 8 Array Of Cards #cards 256 size 528 Howl #buckets 8 coarsen threshold 58982 Howl Bitmap #cards 8192 size 1040 coarsen threshold 7372 Card regions per heap region 1 cards per card region 65536
 CPUs: 12 total, 12 available
 Memory: 16310M
 Large Page Support: Disabled
 NUMA Support: Disabled
 Compressed Oops: Enabled (Zero based)
 Heap Region Size: 32M
 Heap Min Capacity: 1G
 Heap Initial Capacity: 1G
 Heap Max Capacity: 4G
 Pre-touch: Disabled
 Parallel Workers: 10
 Concurrent Workers: 3
 Concurrent Refinement Workers: 10
 Periodic GC: Disabled
Heap:
 garbage-first heap   total 1048576K, used 828431K [0x0000000700000000, 0x0000000800000000)
  region size 32768K, 19 young (622592K), 1 survivors (32768K)
 Metaspace       used 11572K, committed 11904K, reserved 1114112K
  class space    used 866K, committed 1024K, reserved 1048576K
GC Heap History (20 events):
Event: 9.521 GC heap before
{Heap before GC invocations=25 (full 0):
 garbage-first heap   total 1048576K, used 850730K [0x0000000700000000, 0x0000000800000000)
  region size 32768K, 19 young (622592K), 1 survivors (32768K)
 Metaspace       used 11572K, committed 11904K, reserved 1114112K
  class space    used 866K, committed 1024K, reserved 1048576K
}
Event: 9.524 GC heap after
{Heap after GC invocations=26 (full 0):
 garbage-first heap   total 1048576K, used 262069K [0x0000000700000000, 0x0000000800000000)
  region size 32768K, 1 young (32768K), 1 survivors (32768K)
 Metaspace       used 11572K, committed 11904K, reserved 1114112K
  class space    used 866K, committed 1024K, reserved 1048576K
}
Event: 9.773 GC heap before
{Heap before GC invocations=26 (full 0):
 garbage-first heap   total 1048576K, used 851893K [0x0000000700000000, 0x0000000800000000)
  region size 32768K, 19 young (622592K), 1 survivors (32768K)
 Metaspace       used 11572K, committed 11904K, reserved 1114112K
  class space    used 866K, committed 1024K, reserved 1048576K
}
Event: 9.775 GC heap after
{Heap after GC invocations=27 (full 0):
 garbage-first heap   total 1048576K, used 262541K [0x0000000700000000, 0x0000000800000000)
  region size 32768K, 1 young (32768K), 1 survivors (32768K)
 Metaspace       used 11572K, committed 11904K, reserved 1114112K
  class space    used 866K, committed 1024K, reserved 1048576K
}
Event: 9.990 GC heap before
{Heap before GC invocations=27 (full 0):
 garbage-first heap   total 1048576K, used 852365K [0x0000000700000000, 0x0000000800000000)
  region size 32768K, 19 young (622592K), 1 survivors (32768K)
 Metaspace       used 11572K, committed 11904K, reserved 1114112K
  class space    used 866K, committed 1024K, reserved 1048576K
}
Event: 9.992 GC heap after
{Heap after GC invocations=28 (full 0):
 garbage-first heap   total 1048576K, used 263677K [0x0000000700000000, 0x0000000800000000)
  region size 32768K, 1 young (32768K), 1 survivors (32768K)
 Metaspace       used 11572K, committed 11904K, reserved 1114112K
  class space    used 866K, committed 1024K, reserved 1048576K
}
Event: 10.212 GC heap before
{Heap before GC invocations=28 (full 0):
 garbage-first heap   total 1048576K, used 853501K [0x0000000700000000, 0x0000000800000000)
  region size 32768K, 19 young (622592K), 1 survivors (32768K)
 Metaspace       used 11572K, committed 11904K, reserved 1114112K
  class space    used 866K, committed 1024K, reserved 1048576K
}
Event: 10.214 GC heap after
{Heap after GC invocations=29 (full 0):
 garbage-first heap   total 1048576K, used 264170K [0x0000000700000000, 0x0000000800000000)
  region size 32768K, 1 young (32768K), 1 survivors (32768K)
 Metaspace       used 11572K, committed 11904K, reserved 1114112K
  class space    used 866K, committed 1024K, reserved 1048576K
}
Event: 10.428 GC heap before
{Heap before GC invocations=29 (full 0):
 garbage-first heap   total 1048576K, used 853994K [0x0000000700000000, 0x0000000800000000)
  region size 32768K, 19 young (622592K), 1 survivors (32768K)
 Metaspace       used 11572K, committed 11904K, reserved 1114112K
  class space    used 866K, committed 1024K, reserved 1048576K
}
Event: 10.430 GC heap after
{Heap after GC invocations=30 (full 0):
 garbage-first heap   total 1048576K, used 265433K [0x0000000700000000, 0x0000000800000000)
  region size 32768K, 1 young (32768K), 1 survivors (32768K)
 Metaspace       used 11572K, committed 11904K, reserved 1114112K
  class space    used 866K, committed 1024K, reserved 1048576K
}
Event: 10.642 GC heap before
{Heap before GC invocations=30 (full 0):
 garbage-first heap   total 1048576K, used 855257K [0x0000000700000000, 0x0000000800000000)
  region size 32768K, 19 young (622592K), 1 survivors (32768K)
 Metaspace       used 11572K, committed 11904K, reserved 1114112K
  class space    used 866K, committed 1024K, reserved 1048576K
}
Event: 10.644 GC heap after
{Heap after GC invocations=31 (full 0):
 garbage-first heap   total 1048576K, used 266568K [0x0000000700000000, 0x0000000800000000)
  region size 32768K, 1 young (32768K), 1 survivors (32768K)
 Metaspace       used 11572K, committed 11904K, reserved 1114112K
  class space    used 866K, committed 1024K, reserved 1048576K
}
Event: 10.854 GC heap before
{Heap before GC invocations=31 (full 0):
 garbage-first heap   total 1048576K, used 856392K [0x0000000700000000, 0x0000000800000000)
  region size 32768K, 19 young (622592K), 1 survivors (32768K)
 Metaspace       used 11572K, committed 11904K, reserved 1114112K
  class space    used 866K, committed 1024K, reserved 1048576K
}
Event: 10.856 GC heap after
{Heap after GC invocations=32 (full 0):
 garbage-first heap   total 1048576K, used 267140K [0x0000000700000000, 0x0000000800000000)
  region size 32768K, 1 young (32768K), 1 survivors (32768K)
 Metaspace       used 11572K, committed 11904K, reserved 1114112K
  class space    used 866K, committed 1024K, reserved 1048576K
}
Event: 11.064 GC heap before
{Heap before GC invocations=32 (full 0):
 garbage-first heap   total 1048576K, used 856964K [0x0000000700000000, 0x0000000800000000)
  region size 32768K, 19 young (622592K), 1 survivors (32768K)
 Metaspace       used 11572K, committed 11904K, reserved 1114112K
  class space    used 866K, committed 1024K, reserved 1048576K
}
Event: 11.066 GC heap after
{Heap after GC invocations=33 (full 0):
 garbage-first heap   total 1048576K, used 268031K [0x0000000700000000, 0x0000000800000000)
  region size 32768K, 1 young (32768K), 1 survivors (32768K)
 Metaspace       used 11572K, committed 11904K, reserved 1114112K
  class space    used 866K, committed 1024K, reserved 1048576K
}
Event: 11.277 GC heap before
{Heap before GC invocations=33 (full 0):
 garbage-first heap   total 1048576K, used 857855K [0x0000000700000000, 0x0000000800000000)
  region size 32768K, 19 young (622592K), 1 survivors (32768K)
 Metaspace       used 11572K, committed 11904K, reserved 1114112K
  class space    used 866K, committed 1024K, reserved 1048576K
}
Event: 11.280 GC heap after
{Heap after GC invocations=34 (full 0):
 garbage-first heap   total 1048576K, used 269710K [0x0000000700000000, 0x0000000800000000)
  region size 32768K, 1 young (32768K), 1 survivors (32768K)
 Metaspace       used 11572K, committed 11904K, reserved 1114112K
  class space    used 866K, committed 1024K, reserved 1048576K
}
Event: 11.499 GC heap before
{Heap before GC invocations=34 (full 0):
 garbage-first heap   total 1048576K, used 859534K [0x0000000700000000, 0x0000000800000000)
  region size 32768K, 19 young (622592K), 1 survivors (32768K)
 Metaspace       used 11572K, committed 11904K, reserved 1114112K
  class space    used 866K, committed 1024K, reserved 1048576K
}
Event: 11.502 GC heap after
{Heap after GC invocations=35 (full 0):
 garbage-first heap   total 1048576K, used 271375K [0x0000000700000000, 0x0000000800000000)
  region size 32768K, 1 young (32768K), 1 survivors (32768K)
 Metaspace       used 11572K, committed 11904K, reserved 1114112K
  class space    used 866K, committed 1024K, reserved 1048576K
}

