# JRE version: OpenJDK Runtime Environment Temurin-21.0.9+10 (21.0.9+10) (build 21.0.9+10-LTS)
# Java VM: OpenJDK 64-Bit Server VM Temurin-21.0.9+10 (21.0.9+10-LTS, mixed mode, sharing, tiered, compressed oops, compressed class ptrs, g1 gc, windows-amd64)
GC Precious Log:
 CardTable entry size: 512
 Card Set container configuration: InlinePtr #cards 3 size 8 Array Of Cards #cards 256 size 528 Howl #buckets 8 coarsen threshold 58982 Howl Bitmap #cards 8192 size 1040 coarsen threshold 7372 Card regions per heap region 1 cards per card region 65536
 CPUs: 12 total, 12 available
 Memory: 16310M
 Large Page Support: Disabled
 NUMA Support: Disabled
 Compressed Oops: Enabled (Zero based)
 Heap Region Size: 32M
 Heap Min Capacity: 1G
 Heap Initial Capacity: 1G
 Heap Max Capacity: 4G
 Pre-touch: Disabled
 Parallel Workers: 10
 Concurrent Workers: 3
 Concurrent Refinement Workers: 10
 Periodic GC: Disabled
Heap:
 garbage-first heap   total 1048576K, used 441942K [0x0000000700000000, 0x0000000800000000)
  region size 32768K, 8 young (262144K), 1 survivors (32768K)
 Metaspace       used 10598K, committed 10880K, reserved 1114112K
  class space    used 741K, committed 896K, reserved 1048576K
GC Heap History (20 events):
Event: 5.079 GC heap before
{Heap before GC invocations=20 (full 0):
 garbage-first heap   total 1048576K, used 836183K [0x0000000700000000, 0x0000000800000000)
  region size 32768K, 19 young (622592K), 1 survivors (32768K)
 Metaspace       used 10209K, committed 10560K, reserved 1114112K
  class space    used 735K, committed 896K, reserved 1048576K
}
Event: 5.080 GC heap after
{Heap after GC invocations=21 (full 0):
 garbage-first heap   total 1048576K, used 245141K [0x0000000700000000, 0x0000000800000000)
  region size 32768K, 1 young (32768K), 1 survivors (32768K)
 Metaspace       used 10209K, committed 10560K, reserved 1114112K
  class space    used 735K, committed 896K, reserved 1048576K
}
Event: 5.256 GC heap before
{Heap before GC invocations=21 (full 0):
 garbage-first heap   total 1048576K, used 834965K [0x0000000700000000, 0x0000000800000000)
  region size 32768K, 19 young (622592K), 1 survivors (32768K)
 Metaspace       used 10213K, committed 10560K, reserved 1114112K
  class space    used 735K, committed 896K, reserved 1048576K
}
Event: 5.257 GC heap after
{Heap after GC invocations=22 (full 0):
 garbage-first heap   total 1048576K, used 245659K [0x0000000700000000, 0x0000000800000000)
  region size 32768K, 1 young (32768K), 1 survivors (32768K)
 Metaspace       used 10213K, committed 10560K, reserved 1114112K
  class space    used 735K, committed 896K, reserved 1048576K
}
Event: 5.434 GC heap before
{Heap before GC invocations=22 (full 0):
 garbage-first heap   total 1048576K, used 835483K [0x0000000700000000, 0x0000000800000000)
  region size 32768K, 19 young (622592K), 1 survivors (32768K)
 Metaspace       used 10213K, committed 10560K, reserved 1114112K
  class space    used 735K, committed 896K, reserved 1048576K
}
Event: 5.434 GC heap after
{Heap after GC invocations=23 (full 0):
 garbage-first heap   total 1048576K, used 245114K [0x0000000700000000, 0x0000000800000000)
  region size 32768K, 1 young (32768K), 1 survivors (32768K)
 Metaspace       used 10213K, committed 10560K, reserved 1114112K
  class space    used 735K, committed 896K, reserved 1048576K
}
Event: 5.607 GC heap before
{Heap before GC invocations=23 (full 0):
 garbage-first heap   total 1048576K, used 834938K [0x0000000700000000, 0x0000000800000000)
  region size 32768K, 19 young (622592K), 1 survivors (32768K)
 Metaspace       used 10213K, committed 10560K, reserved 1114112K
  class space    used 735K, committed 896K, reserved 1048576K
}
Event: 5.608 GC heap after
{Heap after GC invocations=24 (full 0):
 garbage-first heap   total 1048576K, used 245770K [0x0000000700000000, 0x0000000800000000)
  region size 32768K, 1 young (32768K), 1 survivors (32768K)
 Metaspace       used 10213K, committed 10560K, reserved 1114112K
  class space    used 735K, committed 896K, reserved 1048576K
}
Event: 5.782 GC heap before
{Heap before GC invocations=24 (full 0):
 garbage-first heap   total 1048576K, used 835594K [0x0000000700000000, 0x0000000800000000)
  region size 32768K, 19 young (622592K), 1 survivors (32768K)
 Metaspace       used 10213K, committed 10560K, reserved 1114112K
  class space    used 735K, committed 896K, reserved 1048576K
}
Event: 5.783 GC heap after
{Heap after GC invocations=25 (full 0):
 garbage-first heap   total 1048576K, used 245406K [0x0000000700000000, 0x0000000800000000)
  region size 32768K, 1 young (32768K), 1 survivors (32768K)
 Metaspace       used 10213K, committed 10560K, reserved 1114112K
  class space    used 735K, committed 896K, reserved 1048576K
}
Event: 5.955 GC heap before
{Heap before GC invocations=25 (full 0):
 garbage-first heap   total 1048576K, used 835230K [0x0000000700000000, 0x0000000800000000)
  region size 32768K, 19 young (622592K), 1 survivors (32768K)
 Metaspace       used 10213K, committed 10560K, reserved 1114112K
  class space    used 735K, committed 896K, reserved 1048576K
}
Event: 5.956 GC heap after
{Heap after GC invocations=26 (full 0):
 garbage-first heap   total 1048576K, used 245537K [0x0000000700000000, 0x0000000800000000)
  region size 32768K, 1 young (32768K), 1 survivors (32768K)
 Metaspace       used 10213K, committed 10560K, reserved 1114112K
  class space    used 735K, committed 896K, reserved 1048576K
}
Event: 6.129 GC heap before
{Heap before GC invocations=26 (full 0):
 garbage-first heap   total 1048576K, used 835361K [0x0000000700000000, 0x0000000800000000)
  region size 32768K, 19 young (622592K), 1 survivors (32768K)
 Metaspace       used 10213K, committed 10560K, reserved 1114112K
  class space    used 735K, committed 896K, reserved 1048576K
}
Event: 6.130 GC heap after
{Heap after GC invocations=27 (full 0):
 garbage-first heap   total 1048576K, used 245213K [0x0000000700000000, 0x0000000800000000)
  region size 32768K, 1 young (32768K), 1 survivors (32768K)
 Metaspace       used 10213K, committed 10560K, reserved 1114112K
  class space    used 735K, committed 896K, reserved 1048576K
}
Event: 6.303 GC heap before
{Heap before GC invocations=27 (full 0):
 garbage-first heap   total 1048576K, used 835037K [0x0000000700000000, 0x0000000800000000)
  region size 32768K, 19 young (622592K), 1 survivors (32768K)
 Metaspace       used 10213K, committed 10560K, reserved 1114112K
  class space    used 735K, committed 896K, reserved 1048576K
}
Event: 6.303 GC heap after
{Heap after GC invocations=28 (full 0):
 garbage-first heap   total 1048576K, used 246985K [0x0000000700000000, 0x0000000800000000)
  region size 32768K, 1 young (32768K), 1 survivors (32768K)
 Metaspace       used 10213K, committed 10560K, reserved 1114112K
  class space    used 735K, committed 896K, reserved 1048576K
}
Event: 6.477 GC heap before
{Heap before GC invocations=28 (full 0):
 garbage-first heap   total 1048576K, used 836809K [0x0000000700000000, 0x0000000800000000)
  region size 32768K, 19 young (622592K), 1 survivors (32768K)
 Metaspace       used 10213K, committed 10560K, reserved 1114112K
  class space    used 735K, committed 896K, reserved 1048576K
}
Event: 6.478 GC heap after
{Heap after GC invocations=29 (full 0):
 garbage-first heap   total 1048576K, used 247506K [0x0000000700000000, 0x0000000800000000)
  region size 32768K, 1 young (32768K), 1 survivors (32768K)
 Metaspace       used 10213K, committed 10560K, reserved 1114112K
  class space    used 735K, committed 896K, reserved 1048576K
}
Event: 13.956 GC heap before
{Heap before GC invocations=29 (full 0):
 garbage-first heap   total 1048576K, used 837330K [0x0000000700000000, 0x0000000800000000)
  region size 32768K, 19 young (622592K), 1 survivors (32768K)
 Metaspace       used 10574K, committed 10880K, reserved 1114112K
  class space    used 738K, committed 896K, reserved 1048576K
}
Event: 13.957 GC heap after
{Heap after GC invocations=30 (full 0):
 garbage-first heap   total 1048576K, used 245334K [0x0000000700000000, 0x0000000800000000)
  region size 32768K, 1 young (32768K), 1 survivors (32768K)
 Metaspace       used 10574K, committed 10880K, reserved 1114112K
  class space    used 738K, committed 896K, reserved 1048576K
}

